<?xml version="1.0" encoding="UTF-8"?>
<testng-results ignored="0" total="9" passed="8" failed="1" skipped="0">
  <reporter-output>
  </reporter-output>
  <suite started-at="2022-02-11T20:33:50Z" name="Suite" finished-at="2022-02-11T20:34:25Z" duration-ms="34184">
    <groups>
    </groups>
    <test started-at="2022-02-11T20:33:50Z" name="Test" finished-at="2022-02-11T20:34:25Z" duration-ms="34184">
      <class name="com.vendora.testcases.TC_LoginDDT_003">
        <test-method is-config="true" signature="setup(java.lang.String)[pri:0, instance:com.vendora.testcases.TC_LoginDDT_003@d278d2b]" started-at="2022-02-11T20:34:10Z" name="setup" finished-at="2022-02-11T20:34:15Z" duration-ms="4782" status="PASS">
          <params>
            <param index="0">
              <value>
                <![CDATA[chrome]]>
              </value>
            </param>
          </params>
          <reporter-output>
          </reporter-output>
        </test-method> <!-- setup -->
        <test-method signature="LoginDDT(java.lang.String, java.lang.String)[pri:0, instance:com.vendora.testcases.TC_LoginDDT_003@d278d2b]" started-at="2022-02-11T20:34:15Z" name="LoginDDT" data-provider="dp" finished-at="2022-02-11T20:34:16Z" duration-ms="842" status="PASS">
          <params>
            <param index="0">
              <value>
                <![CDATA[Juliet]]>
              </value>
            </param>
            <param index="1">
              <value>
                <![CDATA[Wrong]]>
              </value>
            </param>
          </params>
          <reporter-output>
          </reporter-output>
        </test-method> <!-- LoginDDT -->
        <test-method signature="LoginDDT(java.lang.String, java.lang.String)[pri:0, instance:com.vendora.testcases.TC_LoginDDT_003@d278d2b]" started-at="2022-02-11T20:34:16Z" name="LoginDDT" data-provider="dp" finished-at="2022-02-11T20:34:18Z" duration-ms="1808" status="PASS">
          <params>
            <param index="0">
              <value>
                <![CDATA[Wrong]]>
              </value>
            </param>
            <param index="1">
              <value>
                <![CDATA[angleritech]]>
              </value>
            </param>
          </params>
          <reporter-output>
          </reporter-output>
        </test-method> <!-- LoginDDT -->
        <test-method signature="LoginDDT(java.lang.String, java.lang.String)[pri:0, instance:com.vendora.testcases.TC_LoginDDT_003@d278d2b]" started-at="2022-02-11T20:34:18Z" name="LoginDDT" data-provider="dp" finished-at="2022-02-11T20:34:20Z" duration-ms="1942" status="PASS">
          <params>
            <param index="0">
              <value>
                <![CDATA[Wrong]]>
              </value>
            </param>
            <param index="1">
              <value>
                <![CDATA[Wrong]]>
              </value>
            </param>
          </params>
          <reporter-output>
          </reporter-output>
        </test-method> <!-- LoginDDT -->
        <test-method signature="LoginDDT(java.lang.String, java.lang.String)[pri:0, instance:com.vendora.testcases.TC_LoginDDT_003@d278d2b]" started-at="2022-02-11T20:34:20Z" name="LoginDDT" data-provider="dp" finished-at="2022-02-11T20:34:20Z" duration-ms="736" status="PASS">
          <params>
            <param index="0">
              <value>
                <![CDATA[Juliet]]>
              </value>
            </param>
            <param index="1">
              <value>
                <![CDATA[Empty]]>
              </value>
            </param>
          </params>
          <reporter-output>
          </reporter-output>
        </test-method> <!-- LoginDDT -->
        <test-method signature="LoginDDT(java.lang.String, java.lang.String)[pri:0, instance:com.vendora.testcases.TC_LoginDDT_003@d278d2b]" started-at="2022-02-11T20:34:20Z" name="LoginDDT" data-provider="dp" finished-at="2022-02-11T20:34:21Z" duration-ms="679" status="PASS">
          <params>
            <param index="0">
              <value>
                <![CDATA[Empty]]>
              </value>
            </param>
            <param index="1">
              <value>
                <![CDATA[angleritech]]>
              </value>
            </param>
          </params>
          <reporter-output>
          </reporter-output>
        </test-method> <!-- LoginDDT -->
        <test-method signature="LoginDDT(java.lang.String, java.lang.String)[pri:0, instance:com.vendora.testcases.TC_LoginDDT_003@d278d2b]" started-at="2022-02-11T20:34:21Z" name="LoginDDT" data-provider="dp" finished-at="2022-02-11T20:34:22Z" duration-ms="670" status="PASS">
          <params>
            <param index="0">
              <value>
                <![CDATA[Empty]]>
              </value>
            </param>
            <param index="1">
              <value>
                <![CDATA[Empty]]>
              </value>
            </param>
          </params>
          <reporter-output>
          </reporter-output>
        </test-method> <!-- LoginDDT -->
        <test-method signature="LoginDDT(java.lang.String, java.lang.String)[pri:0, instance:com.vendora.testcases.TC_LoginDDT_003@d278d2b]" started-at="2022-02-11T20:34:22Z" name="LoginDDT" data-provider="dp" finished-at="2022-02-11T20:34:24Z" duration-ms="2111" status="PASS">
          <params>
            <param index="0">
              <value>
                <![CDATA[Juliet]]>
              </value>
            </param>
            <param index="1">
              <value>
                <![CDATA[angleritech]]>
              </value>
            </param>
          </params>
          <reporter-output>
          </reporter-output>
        </test-method> <!-- LoginDDT -->
        <test-method is-config="true" signature="tearDown()[pri:0, instance:com.vendora.testcases.TC_LoginDDT_003@d278d2b]" started-at="2022-02-11T20:34:24Z" name="tearDown" finished-at="2022-02-11T20:34:25Z" duration-ms="716" status="PASS">
          <reporter-output>
          </reporter-output>
        </test-method> <!-- tearDown -->
      </class> <!-- com.vendora.testcases.TC_LoginDDT_003 -->
      <class name="com.vendora.testcases.TC_Login_001">
        <test-method is-config="true" signature="setup(java.lang.String)[pri:0, instance:com.vendora.testcases.TC_Login_001@68dc098b]" started-at="2022-02-11T20:33:51Z" name="setup" finished-at="2022-02-11T20:33:56Z" duration-ms="5594" status="PASS">
          <params>
            <param index="0">
              <value>
                <![CDATA[chrome]]>
              </value>
            </param>
          </params>
          <reporter-output>
          </reporter-output>
        </test-method> <!-- setup -->
        <test-method signature="Login()[pri:0, instance:com.vendora.testcases.TC_Login_001@68dc098b]" started-at="2022-02-11T20:33:56Z" name="Login" finished-at="2022-02-11T20:34:04Z" duration-ms="7586" status="PASS">
          <reporter-output>
          </reporter-output>
        </test-method> <!-- Login -->
        <test-method is-config="true" signature="tearDown()[pri:0, instance:com.vendora.testcases.TC_Login_001@68dc098b]" started-at="2022-02-11T20:34:04Z" name="tearDown" finished-at="2022-02-11T20:34:05Z" duration-ms="796" status="PASS">
          <reporter-output>
          </reporter-output>
        </test-method> <!-- tearDown -->
      </class> <!-- com.vendora.testcases.TC_Login_001 -->
      <class name="com.vendora.testcases.TC_LoginAssertion_002">
        <test-method is-config="true" signature="setup(java.lang.String)[pri:0, instance:com.vendora.testcases.TC_LoginAssertion_002@38ba6ce3]" started-at="2022-02-11T20:34:05Z" name="setup" finished-at="2022-02-11T20:34:09Z" duration-ms="4390" status="PASS">
          <params>
            <param index="0">
              <value>
                <![CDATA[chrome]]>
              </value>
            </param>
          </params>
          <reporter-output>
          </reporter-output>
        </test-method> <!-- setup -->
        <test-method signature="AssertionTest()[pri:0, instance:com.vendora.testcases.TC_LoginAssertion_002@38ba6ce3]" started-at="2022-02-11T20:34:09Z" name="AssertionTest" finished-at="2022-02-11T20:34:09Z" duration-ms="14" status="FAIL">
          <exception class="java.lang.AssertionError">
            <message>
              <![CDATA[expected [Login | Vendor Portal] but found [Dashboard | Vendor Portal]]]>
            </message>
            <full-stacktrace>
              <![CDATA[java.lang.AssertionError: expected [Login | Vendor Portal] but found [Dashboard | Vendor Portal]
at org.testng.Assert.fail(Assert.java:96)
at org.testng.Assert.failNotEquals(Assert.java:776)
at org.testng.Assert.assertEqualsImpl(Assert.java:137)
at org.testng.Assert.assertEquals(Assert.java:118)
at org.testng.Assert.assertEquals(Assert.java:453)
at org.testng.Assert.assertEquals(Assert.java:463)
at com.vendora.testcases.TC_LoginAssertion_002.AssertionTest(TC_LoginAssertion_002.java:12)
at java.base/jdk.internal.reflect.NativeMethodAccessorImpl.invoke0(Native Method)
at java.base/jdk.internal.reflect.NativeMethodAccessorImpl.invoke(NativeMethodAccessorImpl.java:64)
at java.base/jdk.internal.reflect.DelegatingMethodAccessorImpl.invoke(DelegatingMethodAccessorImpl.java:43)
at java.base/java.lang.reflect.Method.invoke(Method.java:564)
at org.testng.internal.MethodInvocationHelper.invokeMethod(MethodInvocationHelper.java:124)
at org.testng.internal.Invoker.invokeMethod(Invoker.java:583)
at org.testng.internal.Invoker.invokeTestMethod(Invoker.java:719)
at org.testng.internal.Invoker.invokeTestMethods(Invoker.java:989)
at org.testng.internal.TestMethodWorker.invokeTestMethods(TestMethodWorker.java:125)
at org.testng.internal.TestMethodWorker.run(TestMethodWorker.java:109)
at org.testng.TestRunner.privateRun(TestRunner.java:648)
at org.testng.TestRunner.run(TestRunner.java:505)
at org.testng.SuiteRunner.runTest(SuiteRunner.java:455)
at org.testng.SuiteRunner.runSequentially(SuiteRunner.java:450)
at org.testng.SuiteRunner.privateRun(SuiteRunner.java:415)
at org.testng.SuiteRunner.run(SuiteRunner.java:364)
at org.testng.SuiteRunnerWorker.runSuite(SuiteRunnerWorker.java:52)
at org.testng.SuiteRunnerWorker.run(SuiteRunnerWorker.java:84)
at org.testng.TestNG.runSuitesSequentially(TestNG.java:1208)
at org.testng.TestNG.runSuitesLocally(TestNG.java:1137)
at org.testng.TestNG.runSuites(TestNG.java:1049)
at org.testng.TestNG.run(TestNG.java:1017)
at org.testng.remote.AbstractRemoteTestNG.run(AbstractRemoteTestNG.java:115)
at org.testng.remote.RemoteTestNG.initAndRun(RemoteTestNG.java:251)
at org.testng.remote.RemoteTestNG.main(RemoteTestNG.java:77)
]]>
            </full-stacktrace>
          </exception> <!-- java.lang.AssertionError -->
          <reporter-output>
          </reporter-output>
        </test-method> <!-- AssertionTest -->
        <test-method is-config="true" signature="tearDown()[pri:0, instance:com.vendora.testcases.TC_LoginAssertion_002@38ba6ce3]" started-at="2022-02-11T20:34:09Z" name="tearDown" finished-at="2022-02-11T20:34:10Z" duration-ms="937" status="PASS">
          <reporter-output>
          </reporter-output>
        </test-method> <!-- tearDown -->
      </class> <!-- com.vendora.testcases.TC_LoginAssertion_002 -->
    </test> <!-- Test -->
  </suite> <!-- Suite -->
</testng-results>
